<?xml version="1.0" encoding="UTF-8"?>
<!-- Generated by org.testng.reporters.JUnitXMLReporter -->
<testsuite ignored="0" hostname="Sanjay-Kumar" failures="0" tests="10" name="Test" time="137.978" errors="0" timestamp="2024-09-06T13:10:18 IST">
  <testcase classname="com.mystore.testcases.TC01_LoginPage" name="Singnup_login" time="10.807"/>
  <testcase classname="com.mystore.testcases.TC0101_LoginPage_ValidLogin" name="verifyCorrectLogin" time="5.327"/>
  <testcase classname="com.mystore.testcases.TC0102_LoginPage_InvalidLogin" name="verifyInvalidEmailLogin" time="3.847"/>
  <testcase classname="com.mystore.testcases.TC02_LoginPage_DataDriven" name="verifyCorrectLogin" time="6.164"/>
  <testcase classname="com.mystore.testcases.TC02_LoginPage_DataDriven" name="verifyCorrectLogin" time="5.288"/>
  <testcase classname="com.mystore.testcases.TC03_ProductPage" name="productSearchPage" time="7.64"/>
  <testcase classname="com.mystore.testcases.TC04_AddProductCart" name="productAddToCartAndPayment" time="23.68"/>
  <testcase classname="com.mystore.testcases.TC05_AddProductNoLogin" name="addProductWithoutLogin" time="12.197"/>
  <testcase classname="com.mystore.testcases.TC06_ScrollPageHome" name="ScrollHomePage" time="8.189"/>
  <testcase classname="com.mystore.testcases.TC07_ScrollPageUP" name="ScrollHomePageUP" time="8.158"/>
</testsuite> <!-- Test -->
