<?xml version="1.0" encoding="UTF-8"?>
<!-- Generated by org.testng.reporters.JUnitXMLReporter -->
<testsuite ignored="2" hostname="Sanjay-Kumar" failures="0" tests="1" name="SmokeTest" time="20.299" errors="0" timestamp="2024-09-05T10:27:34 IST">
  <testcase classname="com.mystore.testcases.TC0101_LoginPage_ValidLogin" name="verifyCorrectLogin" time="13.394"/>
  <testcase classname="com.mystore.testcases.TC03_ProductPage" name="productSearchPage" time="0.0">
    <ignored/>
  </testcase> <!-- productSearchPage -->
  <testcase classname="com.mystore.testcases.TC05_AddProductNoLogin" name="addProductWithoutLogin" time="0.0">
    <ignored/>
  </testcase> <!-- addProductWithoutLogin -->
</testsuite> <!-- SmokeTest -->
