<?xml version="1.0" encoding="UTF-8"?>
<!-- Generated by org.testng.reporters.JUnitXMLReporter -->
<testsuite ignored="0" hostname="Sanjay-Kumar" failures="0" tests="8" name="Test" time="177.989" errors="0" timestamp="2024-09-05T12:13:26 IST">
  <testcase classname="com.mystore.testcases.TC01_LoginPage" name="Singnup_login" time="12.369"/>
  <testcase classname="com.mystore.testcases.TC0101_LoginPage_ValidLogin" name="verifyCorrectLogin" time="3.957"/>
  <testcase classname="com.mystore.testcases.TC0102_LoginPage_InvalidLogin" name="verifyInvalidEmailLogin" time="3.176"/>
  <testcase classname="com.mystore.testcases.TC02_LoginPage_DataDriven" name="verifyCorrectLogin" time="26.518"/>
  <testcase classname="com.mystore.testcases.TC02_LoginPage_DataDriven" name="verifyCorrectLogin" time="4.892"/>
  <testcase classname="com.mystore.testcases.TC03_ProductPage" name="productSearchPage" time="29.651"/>
  <testcase classname="com.mystore.testcases.TC04_AddProductCart" name="productAddToCartAndPayment" time="24.046"/>
  <testcase classname="com.mystore.testcases.TC05_AddProductNoLogin" name="addProductWithoutLogin" time="13.062"/>
</testsuite> <!-- Test -->
