<?xml version="1.0" encoding="UTF-8"?>
<!-- Generated by org.testng.reporters.JUnitXMLReporter -->
<testsuite ignored="5" hostname="Sanjay-Kumar" failures="0" tests="2" name="Test" time="25.685" errors="0" timestamp="2024-09-05T10:32:25 IST">
  <testcase classname="com.mystore.testcases.TC0101_LoginPage_ValidLogin" name="verifyCorrectLogin" time="11.439"/>
  <testcase classname="com.mystore.testcases.TC0102_LoginPage_InvalidLogin" name="verifyInvalidEmailLogin" time="3.586"/>
  <testcase classname="com.mystore.testcases.TC01_LoginPage" name="Singnup_login" time="0.0">
    <ignored/>
  </testcase> <!-- Singnup_login -->
  <testcase classname="com.mystore.testcases.TC04_AddProductCart" name="productAddToCartAndPayment" time="0.0">
    <ignored/>
  </testcase> <!-- productAddToCartAndPayment -->
  <testcase classname="com.mystore.testcases.TC02_LoginPage_DataDriven" name="verifyCorrectLogin" time="0.0">
    <ignored/>
  </testcase> <!-- verifyCorrectLogin -->
  <testcase classname="com.mystore.testcases.TC03_ProductPage" name="productSearchPage" time="0.0">
    <ignored/>
  </testcase> <!-- productSearchPage -->
  <testcase classname="com.mystore.testcases.TC05_AddProductNoLogin" name="addProductWithoutLogin" time="0.0">
    <ignored/>
  </testcase> <!-- addProductWithoutLogin -->
</testsuite> <!-- Test -->
