<?xml version="1.0" encoding="UTF-8"?>
<!-- Generated by org.testng.reporters.JUnitXMLReporter -->
<testsuite ignored="0" hostname="Sanjay-Kumar" failures="0" tests="9" name="Test" time="134.513" errors="0" timestamp="2024-09-06T11:46:57 IST">
  <testcase classname="com.mystore.testcases.TC01_LoginPage" name="Singnup_login" time="12.358"/>
  <testcase classname="com.mystore.testcases.TC0101_LoginPage_ValidLogin" name="verifyCorrectLogin" time="4.017"/>
  <testcase classname="com.mystore.testcases.TC0102_LoginPage_InvalidLogin" name="verifyInvalidEmailLogin" time="2.708"/>
  <testcase classname="com.mystore.testcases.TC02_LoginPage_DataDriven" name="verifyCorrectLogin" time="5.527"/>
  <testcase classname="com.mystore.testcases.TC02_LoginPage_DataDriven" name="verifyCorrectLogin" time="6.585"/>
  <testcase classname="com.mystore.testcases.TC03_ProductPage" name="productSearchPage" time="12.143"/>
  <testcase classname="com.mystore.testcases.TC04_AddProductCart" name="productAddToCartAndPayment" time="27.512"/>
  <testcase classname="com.mystore.testcases.TC05_AddProductNoLogin" name="addProductWithoutLogin" time="11.789"/>
  <testcase classname="com.mystore.testcases.TC06_ScrollPageHome" name="ScrollHomePage" time="8.179"/>
</testsuite> <!-- Test -->
