<?xml version="1.0" encoding="UTF-8"?>
<!-- Generated by org.testng.reporters.JUnitXMLReporter -->
<testsuite ignored="1" hostname="Sanjay-Kumar" failures="0" tests="8" name="Test" time="140.424" errors="0" timestamp="2024-09-03T16:28:28 IST">
  <testcase classname="com.mystore.testcases.TC01_LoginPage" name="Singnup_login" time="12.557"/>
  <testcase classname="com.mystore.testcases.TC0101_LoginPage_ValidLogin" name="verifyCorrectLogin" time="4.7"/>
  <testcase classname="com.mystore.testcases.TC0102_LoginPage_InvalidLogin" name="verifyInvalidEmailLogin" time="3.314"/>
  <testcase classname="com.mystore.testcases.TC02_LoginPage_DataDriven" name="verifyCorrectLogin" time="20.806"/>
  <testcase classname="com.mystore.testcases.TC02_LoginPage_DataDriven" name="verifyCorrectLogin" time="10.183"/>
  <testcase classname="com.mystore.testcases.TC03_ProductPage" name="productSearchPage" time="12.607"/>
  <testcase classname="com.mystore.testcases.TC04_AddProductCart" name="productAddToCartAndPayment" time="26.133"/>
  <testcase classname="com.mystore.testcases.TC05_AddProductNoLogin" name="addProductWithoutLogin" time="13.257"/>
  <testcase classname="com.mystore.testcases.TC02_LoginPage_DataDriven" name="Singnup_login" time="0.0">
    <ignored/>
  </testcase> <!-- Singnup_login -->
</testsuite> <!-- Test -->
