<?xml version="1.0" encoding="UTF-8"?>
<!-- Generated by org.testng.reporters.JUnitXMLReporter -->
<testsuite ignored="1" hostname="Sanjay-Kumar" failures="0" tests="2" name="Test(failed)" time="25.742" errors="0" timestamp="2024-09-03T11:22:11 IST">
  <testcase classname="com.mystore.testcases.TC01_LoginPage" name="verifyInvalidEmailLogin" time="3.169"/>
  <testcase classname="com.mystore.testcases.TC01_LoginPage" name="verifyCorrectLogin" time="17.176"/>
  <testcase classname="com.mystore.testcases.TC01_LoginPage" name="Singnup_login" time="0.0">
    <ignored/>
  </testcase> <!-- Singnup_login -->
</testsuite> <!-- Test(failed) -->
