<?xml version="1.0" encoding="UTF-8"?>
<testsuite xmlns:xsi="http://www.w3.org/2001/XMLSchema-instance" xsi:noNamespaceSchemaLocation="https://maven.apache.org/surefire/maven-surefire-plugin/xsd/surefire-test-report.xsd" version="3.0.2" name="TestSuite" time="141.331" tests="8" errors="0" skipped="0" failures="0">
  <properties>
[...]
</properties>
  <testcase name="Singnup_login" classname="com.mystore.testcases.TC01_LoginPage" time="12.556">
    <system-out><![CDATA[On Start Method started:   Test
2024-09-03 16:26:13.704 INFO  - Url opened
OnTestStart method started:   Singnup_login
2024-09-03 16:26:15.014 INFO  - Click on singup/login button
Loging page title:  Automation Exercise - Signup / Login
2024-09-03 16:26:15.019 INFO  - Get the title of homepage: 
2024-09-03 16:26:17.105 INFO  - Random email generator started:  
2024-09-03 16:26:17.105 INFO  - Random email given to user filed:  
2024-09-03 16:26:18.655 INFO  - Account information enttring started: 
2024-09-03 16:26:18.880 INFO  - Date of birth entring started: 
2024-09-03 16:26:23.574 INFO  - submisstion button clicked: 
Automation Exercise - Account Created
2024-09-03 16:26:23.588 INFO  - Account creation done
2024-09-03 16:26:26.279 INFO  - Singup loing *****************************TC01***************** Test Case end
On Test Suucess Mothod started:   Singnup_login
]]></system-out>
    <system-err><![CDATA[SLF4J(W): No SLF4J providers were found.
SLF4J(W): Defaulting to no-operation (NOP) logger implementation
SLF4J(W): See https://www.slf4j.org/codes.html#noProviders for further details.
Sept 03, 2024 4:26:09 PM org.openqa.selenium.devtools.CdpVersionFinder findNearestMatch
WARNING: Unable to find an exact match for CDP version 128, returning the closest version; found: 127; Please update to a Selenium version that supports CDP version 128
]]></system-err>
  </testcase>
  <testcase name="verifyCorrectLogin" classname="com.mystore.testcases.TC0101_LoginPage_ValidLogin" time="4.698">
    <system-out><![CDATA[2024-09-03 16:26:31.308 INFO  - Url opened
OnTestStart method started:   verifyCorrectLogin
2024-09-03 16:26:33.081 INFO  - Click on singup/login button
Loging page title:  Automation Exercise - Signup / Login
2024-09-03 16:26:33.088 INFO  - Get the title of homepage: 
2024-09-03 16:26:33.088 INFO  - Enter into signup page for login
Loging visible for user to enter email and password:  Login to your account
2024-09-03 16:26:33.118 INFO  - Login for registred user visible:  
2024-09-03 16:26:33.219 INFO  - Entring email id done:  
2024-09-03 16:26:35.994 INFO  - click on login for registed user:  
2024-09-03 16:26:36.010 INFO  - Verify login with correct credential is passed: 
2024-09-03 16:26:36.010 INFO  - Verifiy correct loging *****************************TC01***************** Test Case end
On Test Suucess Mothod started:   verifyCorrectLogin
]]></system-out>
    <system-err><![CDATA[Sept 03, 2024 4:26:26 PM org.openqa.selenium.remote.http.WebSocket$Listener onError
WARNING: Connection reset
java.net.SocketException: Connection reset
	at java.base/sun.nio.ch.SocketChannelImpl.throwConnectionReset(SocketChannelImpl.java:401)
	at java.base/sun.nio.ch.SocketChannelImpl.read(SocketChannelImpl.java:434)
	at java.net.http/jdk.internal.net.http.SocketTube.readAvailable(SocketTube.java:1178)
	at java.net.http/jdk.internal.net.http.SocketTube$InternalReadPublisher$InternalReadSubscription.read(SocketTube.java:841)
	at java.net.http/jdk.internal.net.http.SocketTube$SocketFlowTask.run(SocketTube.java:181)
	at java.net.http/jdk.internal.net.http.common.SequentialScheduler$SchedulableTask.run(SequentialScheduler.java:207)
	at java.net.http/jdk.internal.net.http.common.SequentialScheduler.runOrSchedule(SequentialScheduler.java:280)
	at java.net.http/jdk.internal.net.http.common.SequentialScheduler.runOrSchedule(SequentialScheduler.java:233)
	at java.net.http/jdk.internal.net.http.SocketTube$InternalReadPublisher$InternalReadSubscription.signalReadable(SocketTube.java:782)
	at java.net.http/jdk.internal.net.http.SocketTube$InternalReadPublisher$ReadEvent.signalEvent(SocketTube.java:965)
	at java.net.http/jdk.internal.net.http.SocketTube$SocketFlowEvent.handle(SocketTube.java:253)
	at java.net.http/jdk.internal.net.http.HttpClientImpl$SelectorManager.handleEvent(HttpClientImpl.java:1467)
	at java.net.http/jdk.internal.net.http.HttpClientImpl$SelectorManager.lambda$run$3(HttpClientImpl.java:1412)
	at java.base/java.util.ArrayList.forEach(ArrayList.java:1596)
	at java.net.http/jdk.internal.net.http.HttpClientImpl$SelectorManager.run(HttpClientImpl.java:1412)

Sept 03, 2024 4:26:27 PM org.openqa.selenium.devtools.CdpVersionFinder findNearestMatch
WARNING: Unable to find an exact match for CDP version 128, returning the closest version; found: 127; Please update to a Selenium version that supports CDP version 128
]]></system-err>
  </testcase>
  <testcase name="verifyInvalidEmailLogin" classname="com.mystore.testcases.TC0102_LoginPage_InvalidLogin" time="3.312">
    <system-out><![CDATA[2024-09-03 16:26:41.177 INFO  - Url opened
OnTestStart method started:   verifyInvalidEmailLogin
2024-09-03 16:26:43.002 INFO  - Click on singup/login button
Loging page title:  Automation Exercise - Signup / Login
2024-09-03 16:26:43.006 INFO  - Get the title of homepage: 
2024-09-03 16:26:43.007 INFO  - Enter into signup page for login
Loging visible for user to enter email and password:  Login to your account
2024-09-03 16:26:43.028 INFO  - Login for registred user visible:  
2024-09-03 16:26:43.099 INFO  - Entring email id done:  
2024-09-03 16:26:44.472 INFO  - click on login for incorrect Email user:  
Your email or password is incorrect!
2024-09-03 16:26:44.490 INFO  - Incorrect email login passed:  Your email or password is incorrect!
2024-09-03 16:26:44.491 INFO  - Verifiy  invalid loging *****************************TC01***************** Test Case end
On Test Suucess Mothod started:   verifyInvalidEmailLogin
]]></system-out>
    <system-err><![CDATA[Sept 03, 2024 4:26:36 PM org.openqa.selenium.remote.http.WebSocket$Listener onError
WARNING: Connection reset
java.net.SocketException: Connection reset
	at java.base/sun.nio.ch.SocketChannelImpl.throwConnectionReset(SocketChannelImpl.java:401)
	at java.base/sun.nio.ch.SocketChannelImpl.read(SocketChannelImpl.java:434)
	at java.net.http/jdk.internal.net.http.SocketTube.readAvailable(SocketTube.java:1178)
	at java.net.http/jdk.internal.net.http.SocketTube$InternalReadPublisher$InternalReadSubscription.read(SocketTube.java:841)
	at java.net.http/jdk.internal.net.http.SocketTube$SocketFlowTask.run(SocketTube.java:181)
	at java.net.http/jdk.internal.net.http.common.SequentialScheduler$SchedulableTask.run(SequentialScheduler.java:207)
	at java.net.http/jdk.internal.net.http.common.SequentialScheduler.runOrSchedule(SequentialScheduler.java:280)
	at java.net.http/jdk.internal.net.http.common.SequentialScheduler.runOrSchedule(SequentialScheduler.java:233)
	at java.net.http/jdk.internal.net.http.SocketTube$InternalReadPublisher$InternalReadSubscription.signalReadable(SocketTube.java:782)
	at java.net.http/jdk.internal.net.http.SocketTube$InternalReadPublisher$ReadEvent.signalEvent(SocketTube.java:965)
	at java.net.http/jdk.internal.net.http.SocketTube$SocketFlowEvent.handle(SocketTube.java:253)
	at java.net.http/jdk.internal.net.http.HttpClientImpl$SelectorManager.handleEvent(HttpClientImpl.java:1467)
	at java.net.http/jdk.internal.net.http.HttpClientImpl$SelectorManager.lambda$run$3(HttpClientImpl.java:1412)
	at java.base/java.util.ArrayList.forEach(ArrayList.java:1596)
	at java.net.http/jdk.internal.net.http.HttpClientImpl$SelectorManager.run(HttpClientImpl.java:1412)

Sept 03, 2024 4:26:37 PM org.openqa.selenium.devtools.CdpVersionFinder findNearestMatch
WARNING: Unable to find an exact match for CDP version 128, returning the closest version; found: 127; Please update to a Selenium version that supports CDP version 128
]]></system-err>
  </testcase>
  <testcase name="verifyCorrectLogin[sanjay663@gmail.com, sanjay, sanjay kumar](1)" classname="com.mystore.testcases.TC02_LoginPage_DataDriven" time="20.807">
    <system-out><![CDATA[2024-09-03 16:26:49.121 INFO  - Url opened
OnTestStart method started:   verifyCorrectLogin
2024-09-03 16:26:52.680 INFO  - Click on singup/login button
Loging page title:  Automation Exercise - Signup / Login
2024-09-03 16:26:52.680 INFO  - Get the title of homepage: 
2024-09-03 16:26:52.680 INFO  - Enter into signup page for login
Loging visible for user to enter email and password:  Login to your account
2024-09-03 16:26:52.711 INFO  - Login for registred user visible:  
2024-09-03 16:26:52.805 INFO  - Entring email id done:  
2024-09-03 16:27:07.690 INFO  - click on login for registed user:  
sanjay kumar
2024-09-03 16:27:07.731 INFO  - User Registration name     sanjay kumar
2024-09-03 16:27:07.743 INFO  - Verify login with correct credential is passed: 
2024-09-03 16:27:10.727 INFO  - User has been logout:   
Loging visible for user to enter email and password:  Login to your account
2024-09-03 16:27:10.747 INFO  - Correct credintial login data driver *****************************TC02***************** Test Case end
On Test Suucess Mothod started:   verifyCorrectLogin
]]></system-out>
    <system-err><![CDATA[Sept 03, 2024 4:26:44 PM org.openqa.selenium.remote.http.WebSocket$Listener onError
WARNING: Connection reset
java.net.SocketException: Connection reset
	at java.base/sun.nio.ch.SocketChannelImpl.throwConnectionReset(SocketChannelImpl.java:401)
	at java.base/sun.nio.ch.SocketChannelImpl.read(SocketChannelImpl.java:434)
	at java.net.http/jdk.internal.net.http.SocketTube.readAvailable(SocketTube.java:1178)
	at java.net.http/jdk.internal.net.http.SocketTube$InternalReadPublisher$InternalReadSubscription.read(SocketTube.java:841)
	at java.net.http/jdk.internal.net.http.SocketTube$SocketFlowTask.run(SocketTube.java:181)
	at java.net.http/jdk.internal.net.http.common.SequentialScheduler$SchedulableTask.run(SequentialScheduler.java:207)
	at java.net.http/jdk.internal.net.http.common.SequentialScheduler.runOrSchedule(SequentialScheduler.java:280)
	at java.net.http/jdk.internal.net.http.common.SequentialScheduler.runOrSchedule(SequentialScheduler.java:233)
	at java.net.http/jdk.internal.net.http.SocketTube$InternalReadPublisher$InternalReadSubscription.signalReadable(SocketTube.java:782)
	at java.net.http/jdk.internal.net.http.SocketTube$InternalReadPublisher$ReadEvent.signalEvent(SocketTube.java:965)
	at java.net.http/jdk.internal.net.http.SocketTube$SocketFlowEvent.handle(SocketTube.java:253)
	at java.net.http/jdk.internal.net.http.HttpClientImpl$SelectorManager.handleEvent(HttpClientImpl.java:1467)
	at java.net.http/jdk.internal.net.http.HttpClientImpl$SelectorManager.lambda$run$3(HttpClientImpl.java:1412)
	at java.base/java.util.ArrayList.forEach(ArrayList.java:1596)
	at java.net.http/jdk.internal.net.http.HttpClientImpl$SelectorManager.run(HttpClientImpl.java:1412)

Sept 03, 2024 4:26:45 PM org.openqa.selenium.devtools.CdpVersionFinder findNearestMatch
WARNING: Unable to find an exact match for CDP version 128, returning the closest version; found: 127; Please update to a Selenium version that supports CDP version 128
]]></system-err>
  </testcase>
  <testcase name="verifyCorrectLogin[sanjay664@gmail.com, sanjay, sanjay kumar](2)" classname="com.mystore.testcases.TC02_LoginPage_DataDriven" time="10.183">
    <system-out><![CDATA[OnTestStart method started:   verifyCorrectLogin
2024-09-03 16:27:12.619 INFO  - Click on singup/login button
Loging page title:  Automation Exercise - Signup / Login
2024-09-03 16:27:12.623 INFO  - Get the title of homepage: 
2024-09-03 16:27:12.623 INFO  - Enter into signup page for login
Loging visible for user to enter email and password:  Login to your account
2024-09-03 16:27:12.638 INFO  - Login for registred user visible:  
2024-09-03 16:27:12.703 INFO  - Entring email id done:  
2024-09-03 16:27:19.176 INFO  - click on login for registed user:  
sanjay kumar
2024-09-03 16:27:19.210 INFO  - User Registration name     sanjay kumar
2024-09-03 16:27:19.210 INFO  - Verify login with correct credential is passed: 
2024-09-03 16:27:20.912 INFO  - User has been logout:   
Loging visible for user to enter email and password:  Login to your account
2024-09-03 16:27:20.931 INFO  - Correct credintial login data driver *****************************TC02***************** Test Case end
On Test Suucess Mothod started:   verifyCorrectLogin
]]></system-out>
  </testcase>
  <testcase name="productSearchPage" classname="com.mystore.testcases.TC03_ProductPage" time="12.606">
    <system-out><![CDATA[2024-09-03 16:27:24.872 INFO  - Url opened
OnTestStart method started:   productSearchPage
2024-09-03 16:27:26.647 INFO  - Click on singup/login button
Loging page title:  Automation Exercise - Signup / Login
2024-09-03 16:27:26.652 INFO  - Get the title of homepage: 
2024-09-03 16:27:26.652 INFO  - Enter into signup page for login
Loging visible for user to enter email and password:  Login to your account
2024-09-03 16:27:26.673 INFO  - Login for registred user visible:  
2024-09-03 16:27:26.749 INFO  - Entring email id done:  
2024-09-03 16:27:30.145 INFO  - click on login for registed user:  
sanjay kumar
2024-09-03 16:27:30.176 INFO  - User Registration name     sanjay kumar
2024-09-03 16:27:30.177 INFO  - Verify login with correct credential is passed: 
2024-09-03 16:27:32.890 INFO  - Click on Product 
2024-09-03 16:27:32.892 INFO  - Entering into product search page: 
2024-09-03 16:27:32.974 INFO  - click on search product and enter TShirt
2024-09-03 16:27:35.631 INFO  - Enter into serch result of Tshirt:  
2024-09-03 16:27:35.641 INFO  - Java Script entring to scroll page to locate element:   
Search Text:  Tshirt
2024-09-03 16:27:35.683 INFO  - Comparing result and checking for correct product: 
Search Result text:  Tshirt
2024-09-03 16:27:37.475 INFO  - User has been logout sucessfully:   
Login to your account
Loging visible for user to enter email and password:  Login to your account
2024-09-03 16:27:37.479 INFO  - Product Search page *****************************TC03***************** Test Case end
On Test Suucess Mothod started:   productSearchPage
]]></system-out>
    <system-err><![CDATA[Sept 03, 2024 4:27:21 PM org.openqa.selenium.remote.http.WebSocket$Listener onError
WARNING: Connection reset
java.net.SocketException: Connection reset
	at java.base/sun.nio.ch.SocketChannelImpl.throwConnectionReset(SocketChannelImpl.java:401)
	at java.base/sun.nio.ch.SocketChannelImpl.read(SocketChannelImpl.java:434)
	at java.net.http/jdk.internal.net.http.SocketTube.readAvailable(SocketTube.java:1178)
	at java.net.http/jdk.internal.net.http.SocketTube$InternalReadPublisher$InternalReadSubscription.read(SocketTube.java:841)
	at java.net.http/jdk.internal.net.http.SocketTube$SocketFlowTask.run(SocketTube.java:181)
	at java.net.http/jdk.internal.net.http.common.SequentialScheduler$SchedulableTask.run(SequentialScheduler.java:207)
	at java.net.http/jdk.internal.net.http.common.SequentialScheduler.runOrSchedule(SequentialScheduler.java:280)
	at java.net.http/jdk.internal.net.http.common.SequentialScheduler.runOrSchedule(SequentialScheduler.java:233)
	at java.net.http/jdk.internal.net.http.SocketTube$InternalReadPublisher$InternalReadSubscription.signalReadable(SocketTube.java:782)
	at java.net.http/jdk.internal.net.http.SocketTube$InternalReadPublisher$ReadEvent.signalEvent(SocketTube.java:965)
	at java.net.http/jdk.internal.net.http.SocketTube$SocketFlowEvent.handle(SocketTube.java:253)
	at java.net.http/jdk.internal.net.http.HttpClientImpl$SelectorManager.handleEvent(HttpClientImpl.java:1467)
	at java.net.http/jdk.internal.net.http.HttpClientImpl$SelectorManager.lambda$run$3(HttpClientImpl.java:1412)
	at java.base/java.util.ArrayList.forEach(ArrayList.java:1596)
	at java.net.http/jdk.internal.net.http.HttpClientImpl$SelectorManager.run(HttpClientImpl.java:1412)

Sept 03, 2024 4:27:22 PM org.openqa.selenium.devtools.CdpVersionFinder findNearestMatch
WARNING: Unable to find an exact match for CDP version 128, returning the closest version; found: 127; Please update to a Selenium version that supports CDP version 128
]]></system-err>
  </testcase>
  <testcase name="productAddToCartAndPayment" classname="com.mystore.testcases.TC04_AddProductCart" time="26.132">
    <system-out><![CDATA[2024-09-03 16:27:43.624 INFO  - Url opened
OnTestStart method started:   productAddToCartAndPayment
2024-09-03 16:27:45.103 INFO  - Click on singup/login button
Loging page title:  Automation Exercise - Signup / Login
2024-09-03 16:27:45.107 INFO  - Get the title of homepage: 
2024-09-03 16:27:45.107 INFO  - Enter into signup page for login
Loging visible for user to enter email and password:  Login to your account
2024-09-03 16:27:45.129 INFO  - Login for registred user visible:  
2024-09-03 16:27:45.202 INFO  - Entring email id done:  
2024-09-03 16:27:47.502 INFO  - click on login for registed user:  
2024-09-03 16:27:49.221 INFO  - Click on Product 
2024-09-03 16:27:49.221 INFO  - Entering into product search page: 
2024-09-03 16:27:49.432 INFO  - click on search product and enter TShirt
2024-09-03 16:27:50.884 INFO  - Enter into serch result of Tshirt:  
2024-09-03 16:27:50.888 INFO  - Java Script entring to scroll page to locate element:   
2024-09-03 16:27:53.487 INFO  - Enter into View product details:   
2024-09-03 16:27:53.495 INFO  - product detail page title: Automation Exercise - Product Details
2024-09-03 16:27:53.756 INFO  - product added into cart...
2024-09-03 16:27:59.699 INFO  - checkout page title:  Automation Exercise - Checkout
2024-09-03 16:28:06.263 INFO  - Payment done Text confirmation:  Congratulations! Your order has been confirmed!
2024-09-03 16:28:07.904 INFO  - Payment Done:  
2024-09-03 16:28:09.756 INFO  - User Logout and lend to Loging page again:  
2024-09-03 16:28:09.757 INFO  - After payment loging visible:  
2024-09-03 16:28:09.757 INFO  - Add to card product and Payment *****************************TC04***************** Test Case end
On Test Suucess Mothod started:   productAddToCartAndPayment
]]></system-out>
    <system-err><![CDATA[Sept 03, 2024 4:27:37 PM org.openqa.selenium.remote.http.WebSocket$Listener onError
WARNING: Connection reset
java.net.SocketException: Connection reset
	at java.base/sun.nio.ch.SocketChannelImpl.throwConnectionReset(SocketChannelImpl.java:401)
	at java.base/sun.nio.ch.SocketChannelImpl.read(SocketChannelImpl.java:434)
	at java.net.http/jdk.internal.net.http.SocketTube.readAvailable(SocketTube.java:1178)
	at java.net.http/jdk.internal.net.http.SocketTube$InternalReadPublisher$InternalReadSubscription.read(SocketTube.java:841)
	at java.net.http/jdk.internal.net.http.SocketTube$SocketFlowTask.run(SocketTube.java:181)
	at java.net.http/jdk.internal.net.http.common.SequentialScheduler$SchedulableTask.run(SequentialScheduler.java:207)
	at java.net.http/jdk.internal.net.http.common.SequentialScheduler.runOrSchedule(SequentialScheduler.java:280)
	at java.net.http/jdk.internal.net.http.common.SequentialScheduler.runOrSchedule(SequentialScheduler.java:233)
	at java.net.http/jdk.internal.net.http.SocketTube$InternalReadPublisher$InternalReadSubscription.signalReadable(SocketTube.java:782)
	at java.net.http/jdk.internal.net.http.SocketTube$InternalReadPublisher$ReadEvent.signalEvent(SocketTube.java:965)
	at java.net.http/jdk.internal.net.http.SocketTube$SocketFlowEvent.handle(SocketTube.java:253)
	at java.net.http/jdk.internal.net.http.HttpClientImpl$SelectorManager.handleEvent(HttpClientImpl.java:1467)
	at java.net.http/jdk.internal.net.http.HttpClientImpl$SelectorManager.lambda$run$3(HttpClientImpl.java:1412)
	at java.base/java.util.ArrayList.forEach(ArrayList.java:1596)
	at java.net.http/jdk.internal.net.http.HttpClientImpl$SelectorManager.run(HttpClientImpl.java:1412)

Sept 03, 2024 4:27:38 PM org.openqa.selenium.devtools.CdpVersionFinder findNearestMatch
WARNING: Unable to find an exact match for CDP version 128, returning the closest version; found: 127; Please update to a Selenium version that supports CDP version 128
]]></system-err>
  </testcase>
  <testcase name="addProductWithoutLogin" classname="com.mystore.testcases.TC05_AddProductNoLogin" time="13.258">
    <system-out><![CDATA[2024-09-03 16:28:14.642 INFO  - Url opened
OnTestStart method started:   addProductWithoutLogin
2024-09-03 16:28:17.655 INFO  - Click on Product 
2024-09-03 16:28:17.655 INFO  - Entering into product search page: 
2024-09-03 16:28:17.753 INFO  - click on search product and enter TShirt
2024-09-03 16:28:19.163 INFO  - Enter into serch result of Tshirt:  
2024-09-03 16:28:21.204 INFO  - Java Script entring to scroll page to locate element:   
2024-09-03 16:28:27.899 INFO  - Checkout Error message Register / Login account to proceed on checkout.
On Test Suucess Mothod started:   addProductWithoutLogin
]]></system-out>
    <system-err><![CDATA[Sept 03, 2024 4:28:09 PM org.openqa.selenium.remote.http.WebSocket$Listener onError
WARNING: Connection reset
java.net.SocketException: Connection reset
	at java.base/sun.nio.ch.SocketChannelImpl.throwConnectionReset(SocketChannelImpl.java:401)
	at java.base/sun.nio.ch.SocketChannelImpl.read(SocketChannelImpl.java:434)
	at java.net.http/jdk.internal.net.http.SocketTube.readAvailable(SocketTube.java:1178)
	at java.net.http/jdk.internal.net.http.SocketTube$InternalReadPublisher$InternalReadSubscription.read(SocketTube.java:841)
	at java.net.http/jdk.internal.net.http.SocketTube$SocketFlowTask.run(SocketTube.java:181)
	at java.net.http/jdk.internal.net.http.common.SequentialScheduler$SchedulableTask.run(SequentialScheduler.java:207)
	at java.net.http/jdk.internal.net.http.common.SequentialScheduler.runOrSchedule(SequentialScheduler.java:280)
	at java.net.http/jdk.internal.net.http.common.SequentialScheduler.runOrSchedule(SequentialScheduler.java:233)
	at java.net.http/jdk.internal.net.http.SocketTube$InternalReadPublisher$InternalReadSubscription.signalReadable(SocketTube.java:782)
	at java.net.http/jdk.internal.net.http.SocketTube$InternalReadPublisher$ReadEvent.signalEvent(SocketTube.java:965)
	at java.net.http/jdk.internal.net.http.SocketTube$SocketFlowEvent.handle(SocketTube.java:253)
	at java.net.http/jdk.internal.net.http.HttpClientImpl$SelectorManager.handleEvent(HttpClientImpl.java:1467)
	at java.net.http/jdk.internal.net.http.HttpClientImpl$SelectorManager.lambda$run$3(HttpClientImpl.java:1412)
	at java.base/java.util.ArrayList.forEach(ArrayList.java:1596)
	at java.net.http/jdk.internal.net.http.HttpClientImpl$SelectorManager.run(HttpClientImpl.java:1412)

Sept 03, 2024 4:28:11 PM org.openqa.selenium.devtools.CdpVersionFinder findNearestMatch
WARNING: Unable to find an exact match for CDP version 128, returning the closest version; found: 127; Please update to a Selenium version that supports CDP version 128
]]></system-err>
  </testcase>
</testsuite>