<?xml version="1.0" encoding="UTF-8"?>
<testsuite xmlns:xsi="http://www.w3.org/2001/XMLSchema-instance" xsi:noNamespaceSchemaLocation="https://maven.apache.org/surefire/maven-surefire-plugin/xsd/surefire-test-report.xsd" version="3.0.2" name="TestSuite" time="139.192" tests="8" errors="0" skipped="0" failures="1">
  <properties>
[...]
</properties>
  <testcase name="Singnup_login" classname="com.mystore.testcases.TC01_LoginPage" time="12.041">
    <failure message="element click intercepted: Element &lt;button type=&quot;submit&quot; data-qa=&quot;create-account&quot; class=&quot;btn btn-default&quot;&gt;...&lt;/button&gt; is not clickable at point (359, 638). Other element would receive the click: &lt;div id=&quot;aswift_1_host&quot; style=&quot;border: none !important; height: 90px !important; width: 100% !important; margin: 0px !important; padding: 0px !important; position: relative !important; visibility: visible !important; background-color: transparent !important; display: inline-block !important; inset: auto !important; clear: none !important; float: none !important; max-height: none !important; max-width: none !important; opacity: 1 !important; overflow: visible !important; vertical-align: baseline !important; z-index: auto !important;&quot;&gt;...&lt;/div&gt;&#10;  (Session info: chrome=128.0.6613.119)&#10;Build info: version: &apos;4.23.1&apos;, revision: &apos;656257d8e9&apos;&#10;System info: os.name: &apos;Windows 11&apos;, os.arch: &apos;amd64&apos;, os.version: &apos;10.0&apos;, java.version: &apos;17.0.10&apos;&#10;Driver info: org.openqa.selenium.chrome.ChromeDriver&#10;Command: [a24317b28f4b60d502b5943f5a53ae78, clickElement {id=f.890C06538E355C7593BC93748552081D.d.9188869B5EC8DBEB26935D1B943147B2.e.119}]&#10;Capabilities {acceptInsecureCerts: false, browserName: chrome, browserVersion: 128.0.6613.119, chrome: {chromedriverVersion: 128.0.6613.119 (6e439cfca4d..., userDataDir: C:\Users\User\AppData\Local...}, fedcm:accounts: true, goog:chromeOptions: {debuggerAddress: localhost:52836}, networkConnectionEnabled: false, pageLoadStrategy: normal, platformName: windows, proxy: Proxy(), se:cdp: ws://localhost:52836/devtoo..., se:cdpVersion: 128.0.6613.119, setWindowRect: true, strictFileInteractability: false, timeouts: {implicit: 0, pageLoad: 300000, script: 30000}, unhandledPromptBehavior: dismiss and notify, webauthn:extension:credBlob: true, webauthn:extension:largeBlob: true, webauthn:extension:minPinLength: true, webauthn:extension:prf: true, webauthn:virtualAuthenticators: true}&#10;Element: [[ChromeDriver: chrome on windows (a24317b28f4b60d502b5943f5a53ae78)] -&gt; xpath: //button[normalize-space()=&apos;Create Account&apos;]]&#10;Session ID: a24317b28f4b60d502b5943f5a53ae78" type="org.openqa.selenium.ElementClickInterceptedException"><![CDATA[org.openqa.selenium.ElementClickInterceptedException: 
element click intercepted: Element <button type="submit" data-qa="create-account" class="btn btn-default">...</button> is not clickable at point (359, 638). Other element would receive the click: <div id="aswift_1_host" style="border: none !important; height: 90px !important; width: 100% !important; margin: 0px !important; padding: 0px !important; position: relative !important; visibility: visible !important; background-color: transparent !important; display: inline-block !important; inset: auto !important; clear: none !important; float: none !important; max-height: none !important; max-width: none !important; opacity: 1 !important; overflow: visible !important; vertical-align: baseline !important; z-index: auto !important;">...</div>
  (Session info: chrome=128.0.6613.119)
Build info: version: '4.23.1', revision: '656257d8e9'
System info: os.name: 'Windows 11', os.arch: 'amd64', os.version: '10.0', java.version: '17.0.10'
Driver info: org.openqa.selenium.chrome.ChromeDriver
Command: [a24317b28f4b60d502b5943f5a53ae78, clickElement {id=f.890C06538E355C7593BC93748552081D.d.9188869B5EC8DBEB26935D1B943147B2.e.119}]
Capabilities {acceptInsecureCerts: false, browserName: chrome, browserVersion: 128.0.6613.119, chrome: {chromedriverVersion: 128.0.6613.119 (6e439cfca4d..., userDataDir: C:\Users\User\AppData\Local...}, fedcm:accounts: true, goog:chromeOptions: {debuggerAddress: localhost:52836}, networkConnectionEnabled: false, pageLoadStrategy: normal, platformName: windows, proxy: Proxy(), se:cdp: ws://localhost:52836/devtoo..., se:cdpVersion: 128.0.6613.119, setWindowRect: true, strictFileInteractability: false, timeouts: {implicit: 0, pageLoad: 300000, script: 30000}, unhandledPromptBehavior: dismiss and notify, webauthn:extension:credBlob: true, webauthn:extension:largeBlob: true, webauthn:extension:minPinLength: true, webauthn:extension:prf: true, webauthn:virtualAuthenticators: true}
Element: [[ChromeDriver: chrome on windows (a24317b28f4b60d502b5943f5a53ae78)] -> xpath: //button[normalize-space()='Create Account']]
Session ID: a24317b28f4b60d502b5943f5a53ae78
	at java.base/jdk.internal.reflect.NativeConstructorAccessorImpl.newInstance0(Native Method)
	at java.base/jdk.internal.reflect.NativeConstructorAccessorImpl.newInstance(NativeConstructorAccessorImpl.java:77)
	at java.base/jdk.internal.reflect.DelegatingConstructorAccessorImpl.newInstance(DelegatingConstructorAccessorImpl.java:45)
	at java.base/java.lang.reflect.Constructor.newInstanceWithCaller(Constructor.java:499)
	at java.base/java.lang.reflect.Constructor.newInstance(Constructor.java:480)
	at org.openqa.selenium.remote.ErrorCodec.decode(ErrorCodec.java:167)
	at org.openqa.selenium.remote.codec.w3c.W3CHttpResponseCodec.decode(W3CHttpResponseCodec.java:138)
	at org.openqa.selenium.remote.codec.w3c.W3CHttpResponseCodec.decode(W3CHttpResponseCodec.java:50)
	at org.openqa.selenium.remote.HttpCommandExecutor.execute(HttpCommandExecutor.java:190)
	at org.openqa.selenium.remote.service.DriverCommandExecutor.invokeExecute(DriverCommandExecutor.java:216)
	at org.openqa.selenium.remote.service.DriverCommandExecutor.execute(DriverCommandExecutor.java:174)
	at org.openqa.selenium.remote.RemoteWebDriver.execute(RemoteWebDriver.java:545)
	at org.openqa.selenium.remote.RemoteWebElement.execute(RemoteWebElement.java:223)
	at org.openqa.selenium.remote.RemoteWebElement.click(RemoteWebElement.java:76)
	at java.base/jdk.internal.reflect.NativeMethodAccessorImpl.invoke0(Native Method)
	at java.base/jdk.internal.reflect.NativeMethodAccessorImpl.invoke(NativeMethodAccessorImpl.java:77)
	at java.base/jdk.internal.reflect.DelegatingMethodAccessorImpl.invoke(DelegatingMethodAccessorImpl.java:43)
	at java.base/java.lang.reflect.Method.invoke(Method.java:568)
	at org.openqa.selenium.support.pagefactory.internal.LocatingElementHandler.invoke(LocatingElementHandler.java:51)
	at jdk.proxy2/jdk.proxy2.$Proxy45.click(Unknown Source)
	at com.mystore.pageobject.LoginAccountCreation.clickSubmit(LoginAccountCreation.java:104)
	at com.mystore.testcases.TC01_LoginPage.Singnup_login(TC01_LoginPage.java:56)
	at java.base/jdk.internal.reflect.NativeMethodAccessorImpl.invoke0(Native Method)
	at java.base/jdk.internal.reflect.NativeMethodAccessorImpl.invoke(NativeMethodAccessorImpl.java:77)
	at java.base/jdk.internal.reflect.DelegatingMethodAccessorImpl.invoke(DelegatingMethodAccessorImpl.java:43)
	at java.base/java.lang.reflect.Method.invoke(Method.java:568)
	at org.testng.internal.invokers.MethodInvocationHelper.invokeMethod(MethodInvocationHelper.java:141)
	at org.testng.internal.invokers.TestInvoker.invokeMethod(TestInvoker.java:686)
	at org.testng.internal.invokers.TestInvoker.invokeTestMethod(TestInvoker.java:230)
	at org.testng.internal.invokers.MethodRunner.runInSequence(MethodRunner.java:63)
	at org.testng.internal.invokers.TestInvoker$MethodInvocationAgent.invoke(TestInvoker.java:992)
	at org.testng.internal.invokers.TestInvoker.invokeTestMethods(TestInvoker.java:203)
	at org.testng.internal.invokers.TestMethodWorker.invokeTestMethods(TestMethodWorker.java:154)
	at org.testng.internal.invokers.TestMethodWorker.run(TestMethodWorker.java:134)
	at java.base/java.util.ArrayList.forEach(ArrayList.java:1511)
	at org.testng.TestRunner.privateRun(TestRunner.java:739)
	at org.testng.TestRunner.run(TestRunner.java:614)
	at org.testng.SuiteRunner.runTest(SuiteRunner.java:421)
	at org.testng.SuiteRunner.runSequentially(SuiteRunner.java:413)
	at org.testng.SuiteRunner.privateRun(SuiteRunner.java:373)
	at org.testng.SuiteRunner.run(SuiteRunner.java:312)
	at org.testng.SuiteRunnerWorker.runSuite(SuiteRunnerWorker.java:52)
	at org.testng.SuiteRunnerWorker.run(SuiteRunnerWorker.java:95)
	at org.testng.TestNG.runSuitesSequentially(TestNG.java:1274)
	at org.testng.TestNG.runSuitesLocally(TestNG.java:1208)
	at org.testng.TestNG.runSuites(TestNG.java:1112)
	at org.testng.TestNG.run(TestNG.java:1079)
	at org.apache.maven.surefire.testng.TestNGExecutor.run(TestNGExecutor.java:308)
	at org.apache.maven.surefire.testng.TestNGXmlTestSuite.execute(TestNGXmlTestSuite.java:71)
	at org.apache.maven.surefire.testng.TestNGProvider.invoke(TestNGProvider.java:113)
	at org.apache.maven.surefire.booter.ForkedBooter.runSuitesInProcess(ForkedBooter.java:385)
	at org.apache.maven.surefire.booter.ForkedBooter.execute(ForkedBooter.java:162)
	at org.apache.maven.surefire.booter.ForkedBooter.run(ForkedBooter.java:507)
	at org.apache.maven.surefire.booter.ForkedBooter.main(ForkedBooter.java:495)
]]></failure>
    <system-out><![CDATA[On Start Method started:   Test
2024-09-05 12:00:15.871 INFO  - Url opened
OnTestStart method started:   Singnup_login
2024-09-05 12:00:19.855 INFO  - Click on singup/login button
Loging page title:  Automation Exercise - Signup / Login
2024-09-05 12:00:19.862 INFO  - Get the title of homepage: 
2024-09-05 12:00:21.954 INFO  - Random email generator started:  
2024-09-05 12:00:21.966 INFO  - Random email given to user filed:  
2024-09-05 12:00:23.513 INFO  - Account information enttring started: 
2024-09-05 12:00:23.630 INFO  - Date of birth entring started: 
On Test Failure Method started:   Singnup_login
]]></system-out>
    <system-err><![CDATA[SLF4J(W): No SLF4J providers were found.
SLF4J(W): Defaulting to no-operation (NOP) logger implementation
SLF4J(W): See https://www.slf4j.org/codes.html#noProviders for further details.
Sep 05, 2024 12:00:10 PM org.openqa.selenium.devtools.CdpVersionFinder findNearestMatch
WARNING: Unable to find an exact match for CDP version 128, returning the closest version; found: 127; Please update to a Selenium version that supports CDP version 128
]]></system-err>
  </testcase>
  <testcase name="verifyCorrectLogin" classname="com.mystore.testcases.TC0101_LoginPage_ValidLogin" time="5.061">
    <system-out><![CDATA[2024-09-05 12:00:31.958 INFO  - Url opened
OnTestStart method started:   verifyCorrectLogin
2024-09-05 12:00:34.315 INFO  - Click on singup/login button
Loging page title:  Automation Exercise - Signup / Login
2024-09-05 12:00:34.323 INFO  - Get the title of homepage: 
2024-09-05 12:00:34.324 INFO  - Enter into signup page for login
Loging visible for user to enter email and password:  Login to your account
2024-09-05 12:00:34.353 INFO  - Login for registred user visible:  
2024-09-05 12:00:34.480 INFO  - Entring email id done:  
2024-09-05 12:00:36.999 INFO  - click on login for registed user:  
2024-09-05 12:00:37.023 INFO  - Verify login with correct credential is passed: 
2024-09-05 12:00:37.024 INFO  - Verifiy correct loging *****************************TC01***************** Test Case end
On Test Suucess Mothod started:   verifyCorrectLogin
]]></system-out>
    <system-err><![CDATA[Sep 05, 2024 12:00:28 PM org.openqa.selenium.remote.http.WebSocket$Listener onError
WARNING: Connection reset
java.net.SocketException: Connection reset
	at java.base/sun.nio.ch.SocketChannelImpl.throwConnectionReset(SocketChannelImpl.java:394)
	at java.base/sun.nio.ch.SocketChannelImpl.read(SocketChannelImpl.java:426)
	at java.net.http/jdk.internal.net.http.SocketTube.readAvailable(SocketTube.java:1170)
	at java.net.http/jdk.internal.net.http.SocketTube$InternalReadPublisher$InternalReadSubscription.read(SocketTube.java:833)
	at java.net.http/jdk.internal.net.http.SocketTube$SocketFlowTask.run(SocketTube.java:181)
	at java.net.http/jdk.internal.net.http.common.SequentialScheduler$SchedulableTask.run(SequentialScheduler.java:230)
	at java.net.http/jdk.internal.net.http.common.SequentialScheduler.runOrSchedule(SequentialScheduler.java:303)
	at java.net.http/jdk.internal.net.http.common.SequentialScheduler.runOrSchedule(SequentialScheduler.java:256)
	at java.net.http/jdk.internal.net.http.SocketTube$InternalReadPublisher$InternalReadSubscription.signalReadable(SocketTube.java:774)
	at java.net.http/jdk.internal.net.http.SocketTube$InternalReadPublisher$ReadEvent.signalEvent(SocketTube.java:957)
	at java.net.http/jdk.internal.net.http.SocketTube$SocketFlowEvent.handle(SocketTube.java:253)
	at java.net.http/jdk.internal.net.http.HttpClientImpl$SelectorManager.handleEvent(HttpClientImpl.java:979)
	at java.net.http/jdk.internal.net.http.HttpClientImpl$SelectorManager.lambda$run$3(HttpClientImpl.java:934)
	at java.base/java.util.ArrayList.forEach(ArrayList.java:1511)
	at java.net.http/jdk.internal.net.http.HttpClientImpl$SelectorManager.run(HttpClientImpl.java:934)

Sep 05, 2024 12:00:29 PM org.openqa.selenium.devtools.CdpVersionFinder findNearestMatch
WARNING: Unable to find an exact match for CDP version 128, returning the closest version; found: 127; Please update to a Selenium version that supports CDP version 128
]]></system-err>
  </testcase>
  <testcase name="verifyInvalidEmailLogin" classname="com.mystore.testcases.TC0102_LoginPage_InvalidLogin" time="4.029">
    <system-out><![CDATA[2024-09-05 12:00:42.161 INFO  - Url opened
OnTestStart method started:   verifyInvalidEmailLogin
2024-09-05 12:00:44.728 INFO  - Click on singup/login button
Loging page title:  Automation Exercise - Signup / Login
2024-09-05 12:00:44.733 INFO  - Get the title of homepage: 
2024-09-05 12:00:44.734 INFO  - Enter into signup page for login
Loging visible for user to enter email and password:  Login to your account
2024-09-05 12:00:44.754 INFO  - Login for registred user visible:  
2024-09-05 12:00:44.822 INFO  - Entring email id done:  
2024-09-05 12:00:46.174 INFO  - click on login for incorrect Email user:  
Your email or password is incorrect!
2024-09-05 12:00:46.191 INFO  - Incorrect email login passed:  Your email or password is incorrect!
2024-09-05 12:00:46.192 INFO  - Verifiy  invalid loging *****************************TC01***************** Test Case end
On Test Suucess Mothod started:   verifyInvalidEmailLogin
]]></system-out>
    <system-err><![CDATA[Sep 05, 2024 12:00:37 PM org.openqa.selenium.remote.http.WebSocket$Listener onError
WARNING: Connection reset
java.net.SocketException: Connection reset
	at java.base/sun.nio.ch.SocketChannelImpl.throwConnectionReset(SocketChannelImpl.java:394)
	at java.base/sun.nio.ch.SocketChannelImpl.read(SocketChannelImpl.java:426)
	at java.net.http/jdk.internal.net.http.SocketTube.readAvailable(SocketTube.java:1170)
	at java.net.http/jdk.internal.net.http.SocketTube$InternalReadPublisher$InternalReadSubscription.read(SocketTube.java:833)
	at java.net.http/jdk.internal.net.http.SocketTube$SocketFlowTask.run(SocketTube.java:181)
	at java.net.http/jdk.internal.net.http.common.SequentialScheduler$SchedulableTask.run(SequentialScheduler.java:230)
	at java.net.http/jdk.internal.net.http.common.SequentialScheduler.runOrSchedule(SequentialScheduler.java:303)
	at java.net.http/jdk.internal.net.http.common.SequentialScheduler.runOrSchedule(SequentialScheduler.java:256)
	at java.net.http/jdk.internal.net.http.SocketTube$InternalReadPublisher$InternalReadSubscription.signalReadable(SocketTube.java:774)
	at java.net.http/jdk.internal.net.http.SocketTube$InternalReadPublisher$ReadEvent.signalEvent(SocketTube.java:957)
	at java.net.http/jdk.internal.net.http.SocketTube$SocketFlowEvent.handle(SocketTube.java:253)
	at java.net.http/jdk.internal.net.http.HttpClientImpl$SelectorManager.handleEvent(HttpClientImpl.java:979)
	at java.net.http/jdk.internal.net.http.HttpClientImpl$SelectorManager.lambda$run$3(HttpClientImpl.java:934)
	at java.base/java.util.ArrayList.forEach(ArrayList.java:1511)
	at java.net.http/jdk.internal.net.http.HttpClientImpl$SelectorManager.run(HttpClientImpl.java:934)

Sep 05, 2024 12:00:38 PM org.openqa.selenium.devtools.CdpVersionFinder findNearestMatch
WARNING: Unable to find an exact match for CDP version 128, returning the closest version; found: 127; Please update to a Selenium version that supports CDP version 128
]]></system-err>
  </testcase>
  <testcase name="verifyCorrectLogin[sanjay663@gmail.com, sanjay, sanjay kumar](1)" classname="com.mystore.testcases.TC02_LoginPage_DataDriven" time="5.631">
    <system-out><![CDATA[2024-09-05 12:00:50.329 INFO  - Url opened
OnTestStart method started:   verifyCorrectLogin
2024-09-05 12:00:52.733 INFO  - Click on singup/login button
Loging page title:  Automation Exercise - Signup / Login
2024-09-05 12:00:52.739 INFO  - Get the title of homepage: 
2024-09-05 12:00:52.740 INFO  - Enter into signup page for login
Loging visible for user to enter email and password:  Login to your account
2024-09-05 12:00:52.759 INFO  - Login for registred user visible:  
2024-09-05 12:00:52.833 INFO  - Entring email id done:  
2024-09-05 12:00:55.043 INFO  - click on login for registed user:  
sanjay kumar
2024-09-05 12:00:55.092 INFO  - User Registration name     sanjay kumar
2024-09-05 12:00:55.116 INFO  - Verify login with correct credential is passed: 
2024-09-05 12:00:56.662 INFO  - User has been logout:   
Loging visible for user to enter email and password:  Login to your account
2024-09-05 12:00:56.676 INFO  - Correct credintial login data driver *****************************TC02***************** Test Case end
On Test Suucess Mothod started:   verifyCorrectLogin
]]></system-out>
    <system-err><![CDATA[Sep 05, 2024 12:00:47 PM org.openqa.selenium.devtools.CdpVersionFinder findNearestMatch
WARNING: Unable to find an exact match for CDP version 128, returning the closest version; found: 127; Please update to a Selenium version that supports CDP version 128
]]></system-err>
  </testcase>
  <testcase name="verifyCorrectLogin[sanjay664@gmail.com, sanjay, sanjay kumar](2)" classname="com.mystore.testcases.TC02_LoginPage_DataDriven" time="4.862">
    <system-out><![CDATA[OnTestStart method started:   verifyCorrectLogin
2024-09-05 12:00:58.026 INFO  - Click on singup/login button
Loging page title:  Automation Exercise - Signup / Login
2024-09-05 12:00:58.029 INFO  - Get the title of homepage: 
2024-09-05 12:00:58.030 INFO  - Enter into signup page for login
Loging visible for user to enter email and password:  Login to your account
2024-09-05 12:00:58.043 INFO  - Login for registred user visible:  
2024-09-05 12:00:58.106 INFO  - Entring email id done:  
2024-09-05 12:00:59.995 INFO  - click on login for registed user:  
sanjay kumar
2024-09-05 12:01:00.031 INFO  - User Registration name     sanjay kumar
2024-09-05 12:01:00.042 INFO  - Verify login with correct credential is passed: 
2024-09-05 12:01:01.525 INFO  - User has been logout:   
Loging visible for user to enter email and password:  Login to your account
2024-09-05 12:01:01.539 INFO  - Correct credintial login data driver *****************************TC02***************** Test Case end
On Test Suucess Mothod started:   verifyCorrectLogin
]]></system-out>
  </testcase>
  <testcase name="productSearchPage" classname="com.mystore.testcases.TC03_ProductPage" time="9.642">
    <system-out><![CDATA[2024-09-05 12:01:06.626 INFO  - Url opened
OnTestStart method started:   productSearchPage
2024-09-05 12:01:08.998 INFO  - Click on singup/login button
Loging page title:  Automation Exercise - Signup / Login
2024-09-05 12:01:09.003 INFO  - Get the title of homepage: 
2024-09-05 12:01:09.003 INFO  - Enter into signup page for login
Loging visible for user to enter email and password:  Login to your account
2024-09-05 12:01:09.024 INFO  - Login for registred user visible:  
2024-09-05 12:01:09.101 INFO  - Entring email id done:  
2024-09-05 12:01:11.179 INFO  - click on login for registed user:  
sanjay kumar
2024-09-05 12:01:11.208 INFO  - User Registration name     sanjay kumar
2024-09-05 12:01:11.219 INFO  - Verify login with correct credential is passed: 
2024-09-05 12:01:12.807 INFO  - Click on Product 
2024-09-05 12:01:12.809 INFO  - Entering into product search page: 
2024-09-05 12:01:12.936 INFO  - click on search product and enter TShirt
2024-09-05 12:01:14.477 INFO  - Enter into serch result of Tshirt:  
2024-09-05 12:01:14.489 INFO  - Java Script entring to scroll page to locate element:   
Search Text:  Tshirt
2024-09-05 12:01:14.564 INFO  - Comparing result and checking for correct product: 
Search Result text:  Tshirt
2024-09-05 12:01:16.255 INFO  - User has been logout sucessfully:   
Login to your account
Loging visible for user to enter email and password:  Login to your account
2024-09-05 12:01:16.268 INFO  - Product Search page *****************************TC03***************** Test Case end
On Test Suucess Mothod started:   productSearchPage
]]></system-out>
    <system-err><![CDATA[Sep 05, 2024 12:01:01 PM org.openqa.selenium.remote.http.WebSocket$Listener onError
WARNING: Connection reset
java.net.SocketException: Connection reset
	at java.base/sun.nio.ch.SocketChannelImpl.throwConnectionReset(SocketChannelImpl.java:394)
	at java.base/sun.nio.ch.SocketChannelImpl.read(SocketChannelImpl.java:426)
	at java.net.http/jdk.internal.net.http.SocketTube.readAvailable(SocketTube.java:1170)
	at java.net.http/jdk.internal.net.http.SocketTube$InternalReadPublisher$InternalReadSubscription.read(SocketTube.java:833)
	at java.net.http/jdk.internal.net.http.SocketTube$SocketFlowTask.run(SocketTube.java:181)
	at java.net.http/jdk.internal.net.http.common.SequentialScheduler$SchedulableTask.run(SequentialScheduler.java:230)
	at java.net.http/jdk.internal.net.http.common.SequentialScheduler.runOrSchedule(SequentialScheduler.java:303)
	at java.net.http/jdk.internal.net.http.common.SequentialScheduler.runOrSchedule(SequentialScheduler.java:256)
	at java.net.http/jdk.internal.net.http.SocketTube$InternalReadPublisher$InternalReadSubscription.signalReadable(SocketTube.java:774)
	at java.net.http/jdk.internal.net.http.SocketTube$InternalReadPublisher$ReadEvent.signalEvent(SocketTube.java:957)
	at java.net.http/jdk.internal.net.http.SocketTube$SocketFlowEvent.handle(SocketTube.java:253)
	at java.net.http/jdk.internal.net.http.HttpClientImpl$SelectorManager.handleEvent(HttpClientImpl.java:979)
	at java.net.http/jdk.internal.net.http.HttpClientImpl$SelectorManager.lambda$run$3(HttpClientImpl.java:934)
	at java.base/java.util.ArrayList.forEach(ArrayList.java:1511)
	at java.net.http/jdk.internal.net.http.HttpClientImpl$SelectorManager.run(HttpClientImpl.java:934)

Sep 05, 2024 12:01:02 PM org.openqa.selenium.devtools.CdpVersionFinder findNearestMatch
WARNING: Unable to find an exact match for CDP version 128, returning the closest version; found: 127; Please update to a Selenium version that supports CDP version 128
]]></system-err>
  </testcase>
  <testcase name="productAddToCartAndPayment" classname="com.mystore.testcases.TC04_AddProductCart" time="24.749">
    <system-out><![CDATA[2024-09-05 12:01:41.988 INFO  - Url opened
OnTestStart method started:   productAddToCartAndPayment
2024-09-05 12:01:43.799 INFO  - Click on singup/login button
Loging page title:  Automation Exercise - Signup / Login
2024-09-05 12:01:43.805 INFO  - Get the title of homepage: 
2024-09-05 12:01:43.806 INFO  - Enter into signup page for login
Loging visible for user to enter email and password:  Login to your account
2024-09-05 12:01:43.824 INFO  - Login for registred user visible:  
2024-09-05 12:01:43.896 INFO  - Entring email id done:  
2024-09-05 12:01:45.944 INFO  - click on login for registed user:  
2024-09-05 12:01:47.673 INFO  - Click on Product 
2024-09-05 12:01:47.673 INFO  - Entering into product search page: 
2024-09-05 12:01:47.759 INFO  - click on search product and enter TShirt
2024-09-05 12:01:49.948 INFO  - Enter into serch result of Tshirt:  
2024-09-05 12:01:49.955 INFO  - Java Script entring to scroll page to locate element:   
2024-09-05 12:01:51.727 INFO  - Enter into View product details:   
2024-09-05 12:01:51.747 INFO  - product detail page title: Automation Exercise - Product Details
2024-09-05 12:01:51.963 INFO  - product added into cart...
2024-09-05 12:01:57.687 INFO  - checkout page title:  Automation Exercise - Checkout
[YOUR DELIVERY ADDRESS, Mr. Sanjay kumar, Jaina, Okhla phase 1, , Delhi Delhi 110020, India, 8800898856]
2024-09-05 12:01:57.752 INFO  - Address confirmation done:  
2024-09-05 12:02:03.753 INFO  - Payment done Text confirmation:  Congratulations! Your order has been confirmed!
2024-09-05 12:02:05.145 INFO  - Payment Done:  
2024-09-05 12:02:06.738 INFO  - User Logout and lend to Loging page again:  
2024-09-05 12:02:06.739 INFO  - After payment loging visible:  
2024-09-05 12:02:06.739 INFO  - Add to card product and Payment *****************************TC04***************** Test Case end
On Test Suucess Mothod started:   productAddToCartAndPayment
]]></system-out>
    <system-err><![CDATA[Sep 05, 2024 12:01:16 PM org.openqa.selenium.remote.http.WebSocket$Listener onError
WARNING: Connection reset
java.net.SocketException: Connection reset
	at java.base/sun.nio.ch.SocketChannelImpl.throwConnectionReset(SocketChannelImpl.java:394)
	at java.base/sun.nio.ch.SocketChannelImpl.read(SocketChannelImpl.java:426)
	at java.net.http/jdk.internal.net.http.SocketTube.readAvailable(SocketTube.java:1170)
	at java.net.http/jdk.internal.net.http.SocketTube$InternalReadPublisher$InternalReadSubscription.read(SocketTube.java:833)
	at java.net.http/jdk.internal.net.http.SocketTube$SocketFlowTask.run(SocketTube.java:181)
	at java.net.http/jdk.internal.net.http.common.SequentialScheduler$SchedulableTask.run(SequentialScheduler.java:230)
	at java.net.http/jdk.internal.net.http.common.SequentialScheduler.runOrSchedule(SequentialScheduler.java:303)
	at java.net.http/jdk.internal.net.http.common.SequentialScheduler.runOrSchedule(SequentialScheduler.java:256)
	at java.net.http/jdk.internal.net.http.SocketTube$InternalReadPublisher$InternalReadSubscription.signalReadable(SocketTube.java:774)
	at java.net.http/jdk.internal.net.http.SocketTube$InternalReadPublisher$ReadEvent.signalEvent(SocketTube.java:957)
	at java.net.http/jdk.internal.net.http.SocketTube$SocketFlowEvent.handle(SocketTube.java:253)
	at java.net.http/jdk.internal.net.http.HttpClientImpl$SelectorManager.handleEvent(HttpClientImpl.java:979)
	at java.net.http/jdk.internal.net.http.HttpClientImpl$SelectorManager.lambda$run$3(HttpClientImpl.java:934)
	at java.base/java.util.ArrayList.forEach(ArrayList.java:1511)
	at java.net.http/jdk.internal.net.http.HttpClientImpl$SelectorManager.run(HttpClientImpl.java:934)

Sep 05, 2024 12:01:17 PM org.openqa.selenium.devtools.CdpVersionFinder findNearestMatch
WARNING: Unable to find an exact match for CDP version 128, returning the closest version; found: 127; Please update to a Selenium version that supports CDP version 128
]]></system-err>
  </testcase>
  <testcase name="addProductWithoutLogin" classname="com.mystore.testcases.TC05_AddProductNoLogin" time="14.583">
    <system-out><![CDATA[2024-09-05 12:02:12.003 INFO  - Url opened
OnTestStart method started:   addProductWithoutLogin
2024-09-05 12:02:16.024 INFO  - Click on Product 
2024-09-05 12:02:16.024 INFO  - Entering into product search page: 
2024-09-05 12:02:16.113 INFO  - click on search product and enter TShirt
2024-09-05 12:02:18.299 INFO  - Enter into serch result of Tshirt:  
2024-09-05 12:02:20.326 INFO  - Java Script entring to scroll page to locate element:   
2024-09-05 12:02:26.587 INFO  - Checkout Error message Register / Login account to proceed on checkout.
On Test Suucess Mothod started:   addProductWithoutLogin
]]></system-out>
    <system-err><![CDATA[Sep 05, 2024 12:02:06 PM org.openqa.selenium.remote.http.WebSocket$Listener onError
WARNING: Connection reset
java.net.SocketException: Connection reset
	at java.base/sun.nio.ch.SocketChannelImpl.throwConnectionReset(SocketChannelImpl.java:394)
	at java.base/sun.nio.ch.SocketChannelImpl.read(SocketChannelImpl.java:426)
	at java.net.http/jdk.internal.net.http.SocketTube.readAvailable(SocketTube.java:1170)
	at java.net.http/jdk.internal.net.http.SocketTube$InternalReadPublisher$InternalReadSubscription.read(SocketTube.java:833)
	at java.net.http/jdk.internal.net.http.SocketTube$SocketFlowTask.run(SocketTube.java:181)
	at java.net.http/jdk.internal.net.http.common.SequentialScheduler$SchedulableTask.run(SequentialScheduler.java:230)
	at java.net.http/jdk.internal.net.http.common.SequentialScheduler.runOrSchedule(SequentialScheduler.java:303)
	at java.net.http/jdk.internal.net.http.common.SequentialScheduler.runOrSchedule(SequentialScheduler.java:256)
	at java.net.http/jdk.internal.net.http.SocketTube$InternalReadPublisher$InternalReadSubscription.signalReadable(SocketTube.java:774)
	at java.net.http/jdk.internal.net.http.SocketTube$InternalReadPublisher$ReadEvent.signalEvent(SocketTube.java:957)
	at java.net.http/jdk.internal.net.http.SocketTube$SocketFlowEvent.handle(SocketTube.java:253)
	at java.net.http/jdk.internal.net.http.HttpClientImpl$SelectorManager.handleEvent(HttpClientImpl.java:979)
	at java.net.http/jdk.internal.net.http.HttpClientImpl$SelectorManager.lambda$run$3(HttpClientImpl.java:934)
	at java.base/java.util.ArrayList.forEach(ArrayList.java:1511)
	at java.net.http/jdk.internal.net.http.HttpClientImpl$SelectorManager.run(HttpClientImpl.java:934)

Sep 05, 2024 12:02:07 PM org.openqa.selenium.devtools.CdpVersionFinder findNearestMatch
WARNING: Unable to find an exact match for CDP version 128, returning the closest version; found: 127; Please update to a Selenium version that supports CDP version 128
]]></system-err>
  </testcase>
</testsuite>