<?xml version="1.0" encoding="UTF-8"?>
<testng-results ignored="0" total="8" passed="7" failed="1" skipped="0">
  <reporter-output>
  </reporter-output>
  <suite started-at="2024-09-05T12:00:08 IST" name="Suite" finished-at="2024-09-05T12:02:27 IST" duration-ms="138381">
    <groups>
      <group name="SmokeTest">
        <method signature="TC0101_LoginPage_ValidLogin.verifyCorrectLogin()[pri:0, instance:com.mystore.testcases.TC0101_LoginPage_ValidLogin@3a7442c7]" name="verifyCorrectLogin" class="com.mystore.testcases.TC0101_LoginPage_ValidLogin"/>
        <method signature="TC0102_LoginPage_InvalidLogin.verifyInvalidEmailLogin()[pri:0, instance:com.mystore.testcases.TC0102_LoginPage_InvalidLogin@4be29ed9]" name="verifyInvalidEmailLogin" class="com.mystore.testcases.TC0102_LoginPage_InvalidLogin"/>
      </group> <!-- SmokeTest -->
    </groups>
    <test started-at="2024-09-05T12:00:08 IST" name="Test" finished-at="2024-09-05T12:02:27 IST" duration-ms="138381">
      <class name="com.mystore.testcases.TC03_ProductPage">
        <test-method is-config="true" signature="setup()[pri:0, instance:com.mystore.testcases.TC03_ProductPage@4b013c76]" started-at="2024-09-05T12:01:01 IST" name="setup" finished-at="2024-09-05T12:01:06 IST" duration-ms="4744" status="PASS">
          <reporter-output>
          </reporter-output>
        </test-method> <!-- setup -->
        <test-method signature="productSearchPage()[pri:0, instance:com.mystore.testcases.TC03_ProductPage@4b013c76]" started-at="2024-09-05T12:01:06 IST" name="productSearchPage" finished-at="2024-09-05T12:01:16 IST" duration-ms="9642" status="PASS">
          <reporter-output>
          </reporter-output>
        </test-method> <!-- productSearchPage -->
        <test-method is-config="true" signature="tearDown()[pri:0, instance:com.mystore.testcases.TC03_ProductPage@4b013c76]" started-at="2024-09-05T12:01:16 IST" name="tearDown" finished-at="2024-09-05T12:01:16 IST" duration-ms="331" status="PASS">
          <reporter-output>
          </reporter-output>
        </test-method> <!-- tearDown -->
      </class> <!-- com.mystore.testcases.TC03_ProductPage -->
      <class name="com.mystore.testcases.TC05_AddProductNoLogin">
        <test-method is-config="true" signature="setup()[pri:0, instance:com.mystore.testcases.TC05_AddProductNoLogin@cb0755b]" started-at="2024-09-05T12:02:07 IST" name="setup" finished-at="2024-09-05T12:02:12 IST" duration-ms="4857" status="PASS">
          <reporter-output>
          </reporter-output>
        </test-method> <!-- setup -->
        <test-method signature="addProductWithoutLogin()[pri:0, instance:com.mystore.testcases.TC05_AddProductNoLogin@cb0755b]" started-at="2024-09-05T12:02:12 IST" name="addProductWithoutLogin" finished-at="2024-09-05T12:02:26 IST" duration-ms="14583" status="PASS">
          <reporter-output>
          </reporter-output>
        </test-method> <!-- addProductWithoutLogin -->
        <test-method is-config="true" signature="tearDown()[pri:0, instance:com.mystore.testcases.TC05_AddProductNoLogin@cb0755b]" started-at="2024-09-05T12:02:26 IST" name="tearDown" finished-at="2024-09-05T12:02:27 IST" duration-ms="425" status="PASS">
          <reporter-output>
          </reporter-output>
        </test-method> <!-- tearDown -->
      </class> <!-- com.mystore.testcases.TC05_AddProductNoLogin -->
      <class name="com.mystore.testcases.TC0101_LoginPage_ValidLogin">
        <test-method is-config="true" signature="setup()[pri:0, instance:com.mystore.testcases.TC0101_LoginPage_ValidLogin@3a7442c7]" started-at="2024-09-05T12:00:28 IST" name="setup" finished-at="2024-09-05T12:00:31 IST" duration-ms="3658" status="PASS">
          <reporter-output>
          </reporter-output>
        </test-method> <!-- setup -->
        <test-method signature="verifyCorrectLogin()[pri:0, instance:com.mystore.testcases.TC0101_LoginPage_ValidLogin@3a7442c7]" started-at="2024-09-05T12:00:31 IST" name="verifyCorrectLogin" finished-at="2024-09-05T12:00:37 IST" duration-ms="5064" status="PASS">
          <reporter-output>
          </reporter-output>
        </test-method> <!-- verifyCorrectLogin -->
        <test-method is-config="true" signature="tearDown()[pri:0, instance:com.mystore.testcases.TC0101_LoginPage_ValidLogin@3a7442c7]" started-at="2024-09-05T12:00:37 IST" name="tearDown" finished-at="2024-09-05T12:00:37 IST" duration-ms="279" status="PASS">
          <reporter-output>
          </reporter-output>
        </test-method> <!-- tearDown -->
      </class> <!-- com.mystore.testcases.TC0101_LoginPage_ValidLogin -->
      <class name="com.mystore.testcases.TC04_AddProductCart">
        <test-method is-config="true" signature="setup()[pri:0, instance:com.mystore.testcases.TC04_AddProductCart@53fb3dab]" started-at="2024-09-05T12:01:16 IST" name="setup" finished-at="2024-09-05T12:01:41 IST" duration-ms="25387" status="PASS">
          <reporter-output>
          </reporter-output>
        </test-method> <!-- setup -->
        <test-method signature="productAddToCartAndPayment()[pri:0, instance:com.mystore.testcases.TC04_AddProductCart@53fb3dab]" started-at="2024-09-05T12:01:41 IST" name="productAddToCartAndPayment" finished-at="2024-09-05T12:02:06 IST" duration-ms="24750" status="PASS">
          <reporter-output>
          </reporter-output>
        </test-method> <!-- productAddToCartAndPayment -->
        <test-method is-config="true" signature="tearDown()[pri:0, instance:com.mystore.testcases.TC04_AddProductCart@53fb3dab]" started-at="2024-09-05T12:02:06 IST" name="tearDown" finished-at="2024-09-05T12:02:07 IST" duration-ms="407" status="PASS">
          <reporter-output>
          </reporter-output>
        </test-method> <!-- tearDown -->
      </class> <!-- com.mystore.testcases.TC04_AddProductCart -->
      <class name="com.mystore.testcases.TC01_LoginPage">
        <test-method is-config="true" signature="setup()[pri:0, instance:com.mystore.testcases.TC01_LoginPage@663c9e7a]" started-at="2024-09-05T12:00:08 IST" name="setup" finished-at="2024-09-05T12:00:15 IST" duration-ms="7055" status="PASS">
          <reporter-output>
          </reporter-output>
        </test-method> <!-- setup -->
        <test-method signature="Singnup_login()[pri:0, instance:com.mystore.testcases.TC01_LoginPage@663c9e7a]" started-at="2024-09-05T12:00:15 IST" name="Singnup_login" finished-at="2024-09-05T12:00:27 IST" duration-ms="11992" status="FAIL">
          <exception class="org.openqa.selenium.ElementClickInterceptedException">
            <message>
              <![CDATA[element click intercepted: Element <button type="submit" data-qa="create-account" class="btn btn-default">...</button> is not clickable at point (359, 638). Other element would receive the click: <div id="aswift_1_host" style="border: none !important; height: 90px !important; width: 100% !important; margin: 0px !important; padding: 0px !important; position: relative !important; visibility: visible !important; background-color: transparent !important; display: inline-block !important; inset: auto !important; clear: none !important; float: none !important; max-height: none !important; max-width: none !important; opacity: 1 !important; overflow: visible !important; vertical-align: baseline !important; z-index: auto !important;">...</div>
  (Session info: chrome=128.0.6613.119)
Build info: version: '4.23.1', revision: '656257d8e9'
System info: os.name: 'Windows 11', os.arch: 'amd64', os.version: '10.0', java.version: '17.0.10'
Driver info: org.openqa.selenium.chrome.ChromeDriver
Command: [a24317b28f4b60d502b5943f5a53ae78, clickElement {id=f.890C06538E355C7593BC93748552081D.d.9188869B5EC8DBEB26935D1B943147B2.e.119}]
Capabilities {acceptInsecureCerts: false, browserName: chrome, browserVersion: 128.0.6613.119, chrome: {chromedriverVersion: 128.0.6613.119 (6e439cfca4d..., userDataDir: C:\Users\User\AppData\Local...}, fedcm:accounts: true, goog:chromeOptions: {debuggerAddress: localhost:52836}, networkConnectionEnabled: false, pageLoadStrategy: normal, platformName: windows, proxy: Proxy(), se:cdp: ws://localhost:52836/devtoo..., se:cdpVersion: 128.0.6613.119, setWindowRect: true, strictFileInteractability: false, timeouts: {implicit: 0, pageLoad: 300000, script: 30000}, unhandledPromptBehavior: dismiss and notify, webauthn:extension:credBlob: true, webauthn:extension:largeBlob: true, webauthn:extension:minPinLength: true, webauthn:extension:prf: true, webauthn:virtualAuthenticators: true}
Element: [[ChromeDriver: chrome on windows (a24317b28f4b60d502b5943f5a53ae78)] -> xpath: //button[normalize-space()='Create Account']]
Session ID: a24317b28f4b60d502b5943f5a53ae78]]>
            </message>
            <full-stacktrace>
              <![CDATA[org.openqa.selenium.ElementClickInterceptedException: element click intercepted: Element <button type="submit" data-qa="create-account" class="btn btn-default">...</button> is not clickable at point (359, 638). Other element would receive the click: <div id="aswift_1_host" style="border: none !important; height: 90px !important; width: 100% !important; margin: 0px !important; padding: 0px !important; position: relative !important; visibility: visible !important; background-color: transparent !important; display: inline-block !important; inset: auto !important; clear: none !important; float: none !important; max-height: none !important; max-width: none !important; opacity: 1 !important; overflow: visible !important; vertical-align: baseline !important; z-index: auto !important;">...</div>
  (Session info: chrome=128.0.6613.119)
Build info: version: '4.23.1', revision: '656257d8e9'
System info: os.name: 'Windows 11', os.arch: 'amd64', os.version: '10.0', java.version: '17.0.10'
Driver info: org.openqa.selenium.chrome.ChromeDriver
Command: [a24317b28f4b60d502b5943f5a53ae78, clickElement {id=f.890C06538E355C7593BC93748552081D.d.9188869B5EC8DBEB26935D1B943147B2.e.119}]
Capabilities {acceptInsecureCerts: false, browserName: chrome, browserVersion: 128.0.6613.119, chrome: {chromedriverVersion: 128.0.6613.119 (6e439cfca4d..., userDataDir: C:\Users\User\AppData\Local...}, fedcm:accounts: true, goog:chromeOptions: {debuggerAddress: localhost:52836}, networkConnectionEnabled: false, pageLoadStrategy: normal, platformName: windows, proxy: Proxy(), se:cdp: ws://localhost:52836/devtoo..., se:cdpVersion: 128.0.6613.119, setWindowRect: true, strictFileInteractability: false, timeouts: {implicit: 0, pageLoad: 300000, script: 30000}, unhandledPromptBehavior: dismiss and notify, webauthn:extension:credBlob: true, webauthn:extension:largeBlob: true, webauthn:extension:minPinLength: true, webauthn:extension:prf: true, webauthn:virtualAuthenticators: true}
Element: [[ChromeDriver: chrome on windows (a24317b28f4b60d502b5943f5a53ae78)] -> xpath: //button[normalize-space()='Create Account']]
Session ID: a24317b28f4b60d502b5943f5a53ae78
at java.base/jdk.internal.reflect.NativeConstructorAccessorImpl.newInstance0(Native Method)
at java.base/jdk.internal.reflect.NativeConstructorAccessorImpl.newInstance(NativeConstructorAccessorImpl.java:77)
at java.base/jdk.internal.reflect.DelegatingConstructorAccessorImpl.newInstance(DelegatingConstructorAccessorImpl.java:45)
at java.base/java.lang.reflect.Constructor.newInstanceWithCaller(Constructor.java:499)
at java.base/java.lang.reflect.Constructor.newInstance(Constructor.java:480)
at org.openqa.selenium.remote.ErrorCodec.decode(ErrorCodec.java:167)
at org.openqa.selenium.remote.codec.w3c.W3CHttpResponseCodec.decode(W3CHttpResponseCodec.java:138)
at org.openqa.selenium.remote.codec.w3c.W3CHttpResponseCodec.decode(W3CHttpResponseCodec.java:50)
at org.openqa.selenium.remote.HttpCommandExecutor.execute(HttpCommandExecutor.java:190)
at org.openqa.selenium.remote.service.DriverCommandExecutor.invokeExecute(DriverCommandExecutor.java:216)
at org.openqa.selenium.remote.service.DriverCommandExecutor.execute(DriverCommandExecutor.java:174)
at org.openqa.selenium.remote.RemoteWebDriver.execute(RemoteWebDriver.java:545)
at org.openqa.selenium.remote.RemoteWebElement.execute(RemoteWebElement.java:223)
at org.openqa.selenium.remote.RemoteWebElement.click(RemoteWebElement.java:76)
at java.base/jdk.internal.reflect.NativeMethodAccessorImpl.invoke0(Native Method)
at java.base/jdk.internal.reflect.NativeMethodAccessorImpl.invoke(NativeMethodAccessorImpl.java:77)
at java.base/jdk.internal.reflect.DelegatingMethodAccessorImpl.invoke(DelegatingMethodAccessorImpl.java:43)
at java.base/java.lang.reflect.Method.invoke(Method.java:568)
at org.openqa.selenium.support.pagefactory.internal.LocatingElementHandler.invoke(LocatingElementHandler.java:51)
at jdk.proxy2/jdk.proxy2.$Proxy45.click(Unknown Source)
at com.mystore.pageobject.LoginAccountCreation.clickSubmit(LoginAccountCreation.java:104)
at com.mystore.testcases.TC01_LoginPage.Singnup_login(TC01_LoginPage.java:56)
at java.base/jdk.internal.reflect.NativeMethodAccessorImpl.invoke0(Native Method)
at java.base/jdk.internal.reflect.NativeMethodAccessorImpl.invoke(NativeMethodAccessorImpl.java:77)
at java.base/jdk.internal.reflect.DelegatingMethodAccessorImpl.invoke(DelegatingMethodAccessorImpl.java:43)
at java.base/java.lang.reflect.Method.invoke(Method.java:568)
at org.testng.internal.invokers.MethodInvocationHelper.invokeMethod(MethodInvocationHelper.java:141)
at org.testng.internal.invokers.TestInvoker.invokeMethod(TestInvoker.java:686)
at org.testng.internal.invokers.TestInvoker.invokeTestMethod(TestInvoker.java:230)
at org.testng.internal.invokers.MethodRunner.runInSequence(MethodRunner.java:63)
at org.testng.internal.invokers.TestInvoker$MethodInvocationAgent.invoke(TestInvoker.java:992)
at org.testng.internal.invokers.TestInvoker.invokeTestMethods(TestInvoker.java:203)
at org.testng.internal.invokers.TestMethodWorker.invokeTestMethods(TestMethodWorker.java:154)
at org.testng.internal.invokers.TestMethodWorker.run(TestMethodWorker.java:134)
at java.base/java.util.ArrayList.forEach(ArrayList.java:1511)
at org.testng.TestRunner.privateRun(TestRunner.java:739)
at org.testng.TestRunner.run(TestRunner.java:614)
at org.testng.SuiteRunner.runTest(SuiteRunner.java:421)
at org.testng.SuiteRunner.runSequentially(SuiteRunner.java:413)
at org.testng.SuiteRunner.privateRun(SuiteRunner.java:373)
at org.testng.SuiteRunner.run(SuiteRunner.java:312)
at org.testng.SuiteRunnerWorker.runSuite(SuiteRunnerWorker.java:52)
at org.testng.SuiteRunnerWorker.run(SuiteRunnerWorker.java:95)
at org.testng.TestNG.runSuitesSequentially(TestNG.java:1274)
at org.testng.TestNG.runSuitesLocally(TestNG.java:1208)
at org.testng.TestNG.runSuites(TestNG.java:1112)
at org.testng.TestNG.run(TestNG.java:1079)
at org.apache.maven.surefire.testng.TestNGExecutor.run(TestNGExecutor.java:308)
at org.apache.maven.surefire.testng.TestNGXmlTestSuite.execute(TestNGXmlTestSuite.java:71)
at org.apache.maven.surefire.testng.TestNGProvider.invoke(TestNGProvider.java:113)
at org.apache.maven.surefire.booter.ForkedBooter.runSuitesInProcess(ForkedBooter.java:385)
at org.apache.maven.surefire.booter.ForkedBooter.execute(ForkedBooter.java:162)
at org.apache.maven.surefire.booter.ForkedBooter.run(ForkedBooter.java:507)
at org.apache.maven.surefire.booter.ForkedBooter.main(ForkedBooter.java:495)
]]>
            </full-stacktrace>
          </exception> <!-- org.openqa.selenium.ElementClickInterceptedException -->
          <reporter-output>
          </reporter-output>
        </test-method> <!-- Singnup_login -->
        <test-method is-config="true" signature="tearDown()[pri:0, instance:com.mystore.testcases.TC01_LoginPage@663c9e7a]" started-at="2024-09-05T12:00:27 IST" name="tearDown" finished-at="2024-09-05T12:00:28 IST" duration-ms="350" status="PASS">
          <reporter-output>
          </reporter-output>
        </test-method> <!-- tearDown -->
      </class> <!-- com.mystore.testcases.TC01_LoginPage -->
      <class name="com.mystore.testcases.TC0102_LoginPage_InvalidLogin">
        <test-method is-config="true" signature="setup()[pri:0, instance:com.mystore.testcases.TC0102_LoginPage_InvalidLogin@4be29ed9]" started-at="2024-09-05T12:00:37 IST" name="setup" finished-at="2024-09-05T12:00:42 IST" duration-ms="4858" status="PASS">
          <reporter-output>
          </reporter-output>
        </test-method> <!-- setup -->
        <test-method signature="verifyInvalidEmailLogin()[pri:0, instance:com.mystore.testcases.TC0102_LoginPage_InvalidLogin@4be29ed9]" started-at="2024-09-05T12:00:42 IST" name="verifyInvalidEmailLogin" finished-at="2024-09-05T12:00:46 IST" duration-ms="4030" status="PASS">
          <reporter-output>
          </reporter-output>
        </test-method> <!-- verifyInvalidEmailLogin -->
        <test-method is-config="true" signature="tearDown()[pri:0, instance:com.mystore.testcases.TC0102_LoginPage_InvalidLogin@4be29ed9]" started-at="2024-09-05T12:00:46 IST" name="tearDown" finished-at="2024-09-05T12:00:46 IST" duration-ms="263" status="PASS">
          <reporter-output>
          </reporter-output>
        </test-method> <!-- tearDown -->
      </class> <!-- com.mystore.testcases.TC0102_LoginPage_InvalidLogin -->
      <class name="com.mystore.testcases.TC02_LoginPage_DataDriven">
        <test-method is-config="true" signature="setup()[pri:0, instance:com.mystore.testcases.TC02_LoginPage_DataDriven@548d708a]" started-at="2024-09-05T12:00:46 IST" name="setup" finished-at="2024-09-05T12:00:50 IST" duration-ms="3874" status="PASS">
          <reporter-output>
          </reporter-output>
        </test-method> <!-- setup -->
        <test-method signature="verifyCorrectLogin(java.lang.String,java.lang.String,java.lang.String)[pri:0, instance:com.mystore.testcases.TC02_LoginPage_DataDriven@548d708a]" started-at="2024-09-05T12:00:51 IST" name="verifyCorrectLogin" data-provider="LoginDataProvider" finished-at="2024-09-05T12:00:56 IST" duration-ms="5631" status="PASS">
          <params>
            <param index="0">
              <value>
                <![CDATA[sanjay663@gmail.com]]>
              </value>
            </param>
            <param index="1">
              <value>
                <![CDATA[sanjay]]>
              </value>
            </param>
            <param index="2">
              <value>
                <![CDATA[sanjay kumar]]>
              </value>
            </param>
          </params>
          <reporter-output>
          </reporter-output>
        </test-method> <!-- verifyCorrectLogin -->
        <test-method signature="verifyCorrectLogin(java.lang.String,java.lang.String,java.lang.String)[pri:0, instance:com.mystore.testcases.TC02_LoginPage_DataDriven@548d708a]" started-at="2024-09-05T12:00:56 IST" name="verifyCorrectLogin" data-provider="LoginDataProvider" finished-at="2024-09-05T12:01:01 IST" duration-ms="4863" status="PASS">
          <params>
            <param index="0">
              <value>
                <![CDATA[sanjay664@gmail.com]]>
              </value>
            </param>
            <param index="1">
              <value>
                <![CDATA[sanjay]]>
              </value>
            </param>
            <param index="2">
              <value>
                <![CDATA[sanjay kumar]]>
              </value>
            </param>
          </params>
          <reporter-output>
          </reporter-output>
        </test-method> <!-- verifyCorrectLogin -->
        <test-method is-config="true" signature="tearDown()[pri:0, instance:com.mystore.testcases.TC02_LoginPage_DataDriven@548d708a]" started-at="2024-09-05T12:01:01 IST" name="tearDown" finished-at="2024-09-05T12:01:01 IST" duration-ms="342" status="PASS">
          <reporter-output>
          </reporter-output>
        </test-method> <!-- tearDown -->
      </class> <!-- com.mystore.testcases.TC02_LoginPage_DataDriven -->
    </test> <!-- Test -->
  </suite> <!-- Suite -->
</testng-results>
